This file contains any messages produced by compilers while
running configure, to aid debugging if configure makes a mistake.

It was created by configure, which was
generated by GNU Autoconf 2.59.  Invocation command line was

  $ ./configure 

## --------- ##
## Platform. ##
## --------- ##

hostname = Baldwin
uname -m = i686
uname -r = 3.14.17-100.fc19.i686.PAE
uname -s = Linux
uname -v = #1 SMP Thu Aug 14 17:37:00 UTC 2014

/usr/bin/uname -p = i686
/bin/uname -X     = unknown

/bin/arch              = i686
/usr/bin/arch -k       = unknown
/usr/convex/getsysinfo = unknown
hostinfo               = unknown
/bin/machine           = unknown
/usr/bin/oslevel       = unknown
/bin/universe          = unknown

PATH: /usr/lib/ccache
PATH: /usr/libexec/lightdm
PATH: /usr/local/bin
PATH: /usr/bin
PATH: /bin
PATH: /usr/local/sbin
PATH: /usr/sbin
PATH: /home/shakti/.local/bin
PATH: /home/shakti/bin


## ----------- ##
## Core tests. ##
## ----------- ##

configure:1566: checking build system type
configure:1584: result: i686-pc-linux-gnu
configure:1592: checking host system type
configure:1606: result: i686-pc-linux-gnu
configure:1629: checking for a BSD-compatible install
configure:1684: result: /usr/bin/install -c
configure:1695: checking whether build environment is sane
configure:1738: result: yes
configure:1762: WARNING: `missing' script is too old or missing
configure:1803: checking for gawk
configure:1819: found /usr/bin/gawk
configure:1829: result: gawk
configure:1839: checking whether make sets $(MAKE)
configure:1859: result: yes
configure:2029: checking whether make sets $(MAKE)
configure:2049: result: yes
configure:2104: checking for gcc
configure:2120: found /usr/lib/ccache/gcc
configure:2130: result: gcc
configure:2374: checking for C compiler version
configure:2377: gcc --version </dev/null >&5
gcc (GCC) 4.8.3 20140624 (Red Hat 4.8.3-1)
Copyright (C) 2013 Free Software Foundation, Inc.
This is free software; see the source for copying conditions.  There is NO
warranty; not even for MERCHANTABILITY or FITNESS FOR A PARTICULAR PURPOSE.

configure:2380: $? = 0
configure:2382: gcc -v </dev/null >&5
Using built-in specs.
COLLECT_GCC=/usr/bin/gcc
COLLECT_LTO_WRAPPER=/usr/libexec/gcc/i686-redhat-linux/4.8.3/lto-wrapper
Target: i686-redhat-linux
Configured with: ../configure --prefix=/usr --mandir=/usr/share/man --infodir=/usr/share/info --with-bugurl=http://bugzilla.redhat.com/bugzilla --enable-bootstrap --enable-shared --enable-threads=posix --enable-checking=release --with-system-zlib --enable-__cxa_atexit --disable-libunwind-exceptions --enable-gnu-unique-object --enable-linker-build-id --with-linker-hash-style=gnu --enable-languages=c,c++,objc,obj-c++,java,fortran,ada,go,lto --enable-plugin --enable-initfini-array --enable-java-awt=gtk --disable-dssi --with-java-home=/usr/lib/jvm/java-1.5.0-gcj-1.5.0.0/jre --enable-libgcj-multifile --enable-java-maintainer-mode --with-ecj-jar=/usr/share/java/eclipse-ecj.jar --disable-libjava-multilib --with-isl=/builddir/build/BUILD/gcc-4.8.3-20140624/obj-i686-redhat-linux/isl-install --with-cloog=/builddir/build/BUILD/gcc-4.8.3-20140624/obj-i686-redhat-linux/cloog-install --with-tune=generic --with-arch=i686 --build=i686-redhat-linux
Thread model: posix
gcc version 4.8.3 20140624 (Red Hat 4.8.3-1) (GCC) 
configure:2385: $? = 0
configure:2387: gcc -V </dev/null >&5
gcc: error: unrecognized command line option '-V'
gcc: fatal error: no input files
compilation terminated.
configure:2390: $? = 4
configure:2413: checking for C compiler default output file name
configure:2416: gcc    conftest.c  >&5
configure:2419: $? = 0
configure:2465: result: a.out
configure:2470: checking whether the C compiler works
configure:2476: ./a.out
configure:2479: $? = 0
configure:2496: result: yes
configure:2503: checking whether we are cross compiling
configure:2505: result: no
configure:2508: checking for suffix of executables
configure:2510: gcc -o conftest    conftest.c  >&5
configure:2513: $? = 0
configure:2538: result: 
configure:2544: checking for suffix of object files
configure:2565: gcc -c   conftest.c >&5
configure:2568: $? = 0
configure:2590: result: o
configure:2594: checking whether we are using the GNU C compiler
configure:2618: gcc -c   conftest.c >&5
configure:2624: $? = 0
configure:2628: test -z 
			 || test ! -s conftest.err
configure:2631: $? = 0
configure:2634: test -s conftest.o
configure:2637: $? = 0
configure:2650: result: yes
configure:2656: checking whether gcc accepts -g
configure:2677: gcc -c -g  conftest.c >&5
configure:2683: $? = 0
configure:2687: test -z 
			 || test ! -s conftest.err
configure:2690: $? = 0
configure:2693: test -s conftest.o
configure:2696: $? = 0
configure:2707: result: yes
configure:2724: checking for gcc option to accept ANSI C
configure:2794: gcc  -c -g -O2  conftest.c >&5
configure:2800: $? = 0
configure:2804: test -z 
			 || test ! -s conftest.err
configure:2807: $? = 0
configure:2810: test -s conftest.o
configure:2813: $? = 0
configure:2831: result: none needed
configure:2849: gcc -c -g -O2  conftest.c >&5
conftest.c:2:3: error: unknown type name 'choke'
   choke me
   ^
conftest.c:2:3: error: expected '=', ',', ';', 'asm' or '__attribute__' at end of input
configure:2855: $? = 1
configure: failed program was:
| #ifndef __cplusplus
|   choke me
| #endif
configure:2999: checking for style of include used by make
configure:3027: result: GNU
configure:3055: checking dependency style of gcc
configure:3145: result: gcc3
configure:3214: checking for g++
configure:3230: found /usr/lib/ccache/g++
configure:3240: result: g++
configure:3256: checking for C++ compiler version
configure:3259: g++ --version </dev/null >&5
g++ (GCC) 4.8.3 20140624 (Red Hat 4.8.3-1)
Copyright (C) 2013 Free Software Foundation, Inc.
This is free software; see the source for copying conditions.  There is NO
warranty; not even for MERCHANTABILITY or FITNESS FOR A PARTICULAR PURPOSE.

configure:3262: $? = 0
configure:3264: g++ -v </dev/null >&5
Using built-in specs.
COLLECT_GCC=/usr/bin/g++
COLLECT_LTO_WRAPPER=/usr/libexec/gcc/i686-redhat-linux/4.8.3/lto-wrapper
Target: i686-redhat-linux
Configured with: ../configure --prefix=/usr --mandir=/usr/share/man --infodir=/usr/share/info --with-bugurl=http://bugzilla.redhat.com/bugzilla --enable-bootstrap --enable-shared --enable-threads=posix --enable-checking=release --with-system-zlib --enable-__cxa_atexit --disable-libunwind-exceptions --enable-gnu-unique-object --enable-linker-build-id --with-linker-hash-style=gnu --enable-languages=c,c++,objc,obj-c++,java,fortran,ada,go,lto --enable-plugin --enable-initfini-array --enable-java-awt=gtk --disable-dssi --with-java-home=/usr/lib/jvm/java-1.5.0-gcj-1.5.0.0/jre --enable-libgcj-multifile --enable-java-maintainer-mode --with-ecj-jar=/usr/share/java/eclipse-ecj.jar --disable-libjava-multilib --with-isl=/builddir/build/BUILD/gcc-4.8.3-20140624/obj-i686-redhat-linux/isl-install --with-cloog=/builddir/build/BUILD/gcc-4.8.3-20140624/obj-i686-redhat-linux/cloog-install --with-tune=generic --with-arch=i686 --build=i686-redhat-linux
Thread model: posix
gcc version 4.8.3 20140624 (Red Hat 4.8.3-1) (GCC) 
configure:3267: $? = 0
configure:3269: g++ -V </dev/null >&5
g++: error: unrecognized command line option '-V'
g++: fatal error: no input files
compilation terminated.
configure:3272: $? = 4
configure:3275: checking whether we are using the GNU C++ compiler
configure:3299: g++ -c   conftest.cc >&5
configure:3305: $? = 0
configure:3309: test -z 
			 || test ! -s conftest.err
configure:3312: $? = 0
configure:3315: test -s conftest.o
configure:3318: $? = 0
configure:3331: result: yes
configure:3337: checking whether g++ accepts -g
configure:3358: g++ -c -g  conftest.cc >&5
configure:3364: $? = 0
configure:3368: test -z 
			 || test ! -s conftest.err
configure:3371: $? = 0
configure:3374: test -s conftest.o
configure:3377: $? = 0
configure:3388: result: yes
configure:3430: g++ -c -g -O2  conftest.cc >&5
configure:3436: $? = 0
configure:3440: test -z 
			 || test ! -s conftest.err
configure:3443: $? = 0
configure:3446: test -s conftest.o
configure:3449: $? = 0
configure:3475: g++ -c -g -O2  conftest.cc >&5
conftest.cc: In function 'int main()':
conftest.cc:15:9: error: 'exit' was not declared in this scope
 exit (42);
         ^
configure:3481: $? = 1
configure: failed program was:
| /* confdefs.h.  */
| 
| #define PACKAGE_NAME ""
| #define PACKAGE_TARNAME ""
| #define PACKAGE_VERSION ""
| #define PACKAGE_STRING ""
| #define PACKAGE_BUGREPORT ""
| #define PACKAGE "GUIlib"
| #define VERSION "1.2.1"
| /* end confdefs.h.  */
| 
| int
| main ()
| {
| exit (42);
|   ;
|   return 0;
| }
configure:3430: g++ -c -g -O2  conftest.cc >&5
conftest.cc:11:40: error: 'void std::exit(int)' should have been declared inside 'std'
 extern "C" void std::exit (int) throw (); using std::exit;
                                        ^
configure:3436: $? = 1
configure: failed program was:
| /* confdefs.h.  */
| 
| #define PACKAGE_NAME ""
| #define PACKAGE_TARNAME ""
| #define PACKAGE_VERSION ""
| #define PACKAGE_STRING ""
| #define PACKAGE_BUGREPORT ""
| #define PACKAGE "GUIlib"
| #define VERSION "1.2.1"
| /* end confdefs.h.  */
| extern "C" void std::exit (int) throw (); using std::exit;
| #include <stdlib.h>
| int
| main ()
| {
| exit (42);
|   ;
|   return 0;
| }
configure:3430: g++ -c -g -O2  conftest.cc >&5
conftest.cc:11:31: error: 'void std::exit(int)' should have been declared inside 'std'
 extern "C" void std::exit (int); using std::exit;
                               ^
In file included from conftest.cc:12:0:
/usr/include/stdlib.h:542:71: error: declaration of 'void std::exit(int) throw ()' has a different exception specifier
 extern void exit (int __status) __THROW __attribute__ ((__noreturn__));
                                                                       ^
conftest.cc:11:17: error: from previous declaration 'void std::exit(int)'
 extern "C" void std::exit (int); using std::exit;
                 ^
configure:3436: $? = 1
configure: failed program was:
| /* confdefs.h.  */
| 
| #define PACKAGE_NAME ""
| #define PACKAGE_TARNAME ""
| #define PACKAGE_VERSION ""
| #define PACKAGE_STRING ""
| #define PACKAGE_BUGREPORT ""
| #define PACKAGE "GUIlib"
| #define VERSION "1.2.1"
| /* end confdefs.h.  */
| extern "C" void std::exit (int); using std::exit;
| #include <stdlib.h>
| int
| main ()
| {
| exit (42);
|   ;
|   return 0;
| }
configure:3430: g++ -c -g -O2  conftest.cc >&5
configure:3436: $? = 0
configure:3440: test -z 
			 || test ! -s conftest.err
configure:3443: $? = 0
configure:3446: test -s conftest.o
configure:3449: $? = 0
configure:3475: g++ -c -g -O2  conftest.cc >&5
configure:3481: $? = 0
configure:3485: test -z 
			 || test ! -s conftest.err
configure:3488: $? = 0
configure:3491: test -s conftest.o
configure:3494: $? = 0
configure:3519: checking dependency style of g++
configure:3609: result: gcc3
configure:3698: checking for a sed that does not truncate output
configure:3752: result: /usr/bin/sed
configure:3755: checking for egrep
configure:3765: result: grep -E
configure:3781: checking for ld used by gcc
configure:3848: result: /usr/bin/ld
configure:3857: checking if the linker (/usr/bin/ld) is GNU ld
configure:3872: result: yes
configure:3877: checking for /usr/bin/ld option to reload object files
configure:3884: result: -r
configure:3902: checking for BSD-compatible nm
configure:3951: result: /usr/bin/nm -B
configure:3955: checking whether ln -s works
configure:3959: result: yes
configure:3966: checking how to recognise dependent libraries
configure:4144: result: pass_all
configure:4381: checking how to run the C preprocessor
configure:4416: gcc -E  conftest.c
configure:4422: $? = 0
configure:4454: gcc -E  conftest.c
conftest.c:14:28: fatal error: ac_nonexistent.h: No such file or directory
 #include <ac_nonexistent.h>
                            ^
compilation terminated.
configure:4460: $? = 1
configure: failed program was:
| /* confdefs.h.  */
| 
| #define PACKAGE_NAME ""
| #define PACKAGE_TARNAME ""
| #define PACKAGE_VERSION ""
| #define PACKAGE_STRING ""
| #define PACKAGE_BUGREPORT ""
| #define PACKAGE "GUIlib"
| #define VERSION "1.2.1"
| #ifdef __cplusplus
| extern "C" void exit (int) throw ();
| #endif
| /* end confdefs.h.  */
| #include <ac_nonexistent.h>
configure:4499: result: gcc -E
configure:4523: gcc -E  conftest.c
configure:4529: $? = 0
configure:4561: gcc -E  conftest.c
conftest.c:14:28: fatal error: ac_nonexistent.h: No such file or directory
 #include <ac_nonexistent.h>
                            ^
compilation terminated.
configure:4567: $? = 1
configure: failed program was:
| /* confdefs.h.  */
| 
| #define PACKAGE_NAME ""
| #define PACKAGE_TARNAME ""
| #define PACKAGE_VERSION ""
| #define PACKAGE_STRING ""
| #define PACKAGE_BUGREPORT ""
| #define PACKAGE "GUIlib"
| #define VERSION "1.2.1"
| #ifdef __cplusplus
| extern "C" void exit (int) throw ();
| #endif
| /* end confdefs.h.  */
| #include <ac_nonexistent.h>
configure:4611: checking for ANSI C header files
configure:4636: gcc -c -g -O2  conftest.c >&5
configure:4642: $? = 0
configure:4646: test -z 
			 || test ! -s conftest.err
configure:4649: $? = 0
configure:4652: test -s conftest.o
configure:4655: $? = 0
configure:4744: gcc -o conftest -g -O2   conftest.c  >&5
conftest.c: In function 'main':
conftest.c:31:7: warning: incompatible implicit declaration of built-in function 'exit' [enabled by default]
       exit(2);
       ^
configure:4747: $? = 0
configure:4749: ./conftest
configure:4752: $? = 0
configure:4767: result: yes
configure:4791: checking for sys/types.h
configure:4807: gcc -c -g -O2  conftest.c >&5
configure:4813: $? = 0
configure:4817: test -z 
			 || test ! -s conftest.err
configure:4820: $? = 0
configure:4823: test -s conftest.o
configure:4826: $? = 0
configure:4837: result: yes
configure:4791: checking for sys/stat.h
configure:4807: gcc -c -g -O2  conftest.c >&5
configure:4813: $? = 0
configure:4817: test -z 
			 || test ! -s conftest.err
configure:4820: $? = 0
configure:4823: test -s conftest.o
configure:4826: $? = 0
configure:4837: result: yes
configure:4791: checking for stdlib.h
configure:4807: gcc -c -g -O2  conftest.c >&5
configure:4813: $? = 0
configure:4817: test -z 
			 || test ! -s conftest.err
configure:4820: $? = 0
configure:4823: test -s conftest.o
configure:4826: $? = 0
configure:4837: result: yes
configure:4791: checking for string.h
configure:4807: gcc -c -g -O2  conftest.c >&5
configure:4813: $? = 0
configure:4817: test -z 
			 || test ! -s conftest.err
configure:4820: $? = 0
configure:4823: test -s conftest.o
configure:4826: $? = 0
configure:4837: result: yes
configure:4791: checking for memory.h
configure:4807: gcc -c -g -O2  conftest.c >&5
configure:4813: $? = 0
configure:4817: test -z 
			 || test ! -s conftest.err
configure:4820: $? = 0
configure:4823: test -s conftest.o
configure:4826: $? = 0
configure:4837: result: yes
configure:4791: checking for strings.h
configure:4807: gcc -c -g -O2  conftest.c >&5
configure:4813: $? = 0
configure:4817: test -z 
			 || test ! -s conftest.err
configure:4820: $? = 0
configure:4823: test -s conftest.o
configure:4826: $? = 0
configure:4837: result: yes
configure:4791: checking for inttypes.h
configure:4807: gcc -c -g -O2  conftest.c >&5
configure:4813: $? = 0
configure:4817: test -z 
			 || test ! -s conftest.err
configure:4820: $? = 0
configure:4823: test -s conftest.o
configure:4826: $? = 0
configure:4837: result: yes
configure:4791: checking for stdint.h
configure:4807: gcc -c -g -O2  conftest.c >&5
configure:4813: $? = 0
configure:4817: test -z 
			 || test ! -s conftest.err
configure:4820: $? = 0
configure:4823: test -s conftest.o
configure:4826: $? = 0
configure:4837: result: yes
configure:4791: checking for unistd.h
configure:4807: gcc -c -g -O2  conftest.c >&5
configure:4813: $? = 0
configure:4817: test -z 
			 || test ! -s conftest.err
configure:4820: $? = 0
configure:4823: test -s conftest.o
configure:4826: $? = 0
configure:4837: result: yes
configure:4863: checking dlfcn.h usability
configure:4875: gcc -c -g -O2  conftest.c >&5
configure:4881: $? = 0
configure:4885: test -z 
			 || test ! -s conftest.err
configure:4888: $? = 0
configure:4891: test -s conftest.o
configure:4894: $? = 0
configure:4904: result: yes
configure:4908: checking dlfcn.h presence
configure:4918: gcc -E  conftest.c
configure:4924: $? = 0
configure:4944: result: yes
configure:4979: checking for dlfcn.h
configure:4986: result: yes
configure:5009: checking how to run the C++ preprocessor
configure:5040: g++ -E  conftest.cc
configure:5046: $? = 0
configure:5078: g++ -E  conftest.cc
conftest.cc:25:28: fatal error: ac_nonexistent.h: No such file or directory
 #include <ac_nonexistent.h>
                            ^
compilation terminated.
configure:5084: $? = 1
configure: failed program was:
| /* confdefs.h.  */
| 
| #define PACKAGE_NAME ""
| #define PACKAGE_TARNAME ""
| #define PACKAGE_VERSION ""
| #define PACKAGE_STRING ""
| #define PACKAGE_BUGREPORT ""
| #define PACKAGE "GUIlib"
| #define VERSION "1.2.1"
| #ifdef __cplusplus
| extern "C" void exit (int) throw ();
| #endif
| #define STDC_HEADERS 1
| #define HAVE_SYS_TYPES_H 1
| #define HAVE_SYS_STAT_H 1
| #define HAVE_STDLIB_H 1
| #define HAVE_STRING_H 1
| #define HAVE_MEMORY_H 1
| #define HAVE_STRINGS_H 1
| #define HAVE_INTTYPES_H 1
| #define HAVE_STDINT_H 1
| #define HAVE_UNISTD_H 1
| #define HAVE_DLFCN_H 1
| /* end confdefs.h.  */
| #include <ac_nonexistent.h>
configure:5123: result: g++ -E
configure:5147: g++ -E  conftest.cc
configure:5153: $? = 0
configure:5185: g++ -E  conftest.cc
conftest.cc:25:28: fatal error: ac_nonexistent.h: No such file or directory
 #include <ac_nonexistent.h>
                            ^
compilation terminated.
configure:5191: $? = 1
configure: failed program was:
| /* confdefs.h.  */
| 
| #define PACKAGE_NAME ""
| #define PACKAGE_TARNAME ""
| #define PACKAGE_VERSION ""
| #define PACKAGE_STRING ""
| #define PACKAGE_BUGREPORT ""
| #define PACKAGE "GUIlib"
| #define VERSION "1.2.1"
| #ifdef __cplusplus
| extern "C" void exit (int) throw ();
| #endif
| #define STDC_HEADERS 1
| #define HAVE_SYS_TYPES_H 1
| #define HAVE_SYS_STAT_H 1
| #define HAVE_STDLIB_H 1
| #define HAVE_STRING_H 1
| #define HAVE_MEMORY_H 1
| #define HAVE_STRINGS_H 1
| #define HAVE_INTTYPES_H 1
| #define HAVE_STDINT_H 1
| #define HAVE_UNISTD_H 1
| #define HAVE_DLFCN_H 1
| /* end confdefs.h.  */
| #include <ac_nonexistent.h>
configure:5288: checking for g77
configure:5317: result: no
configure:5288: checking for f77
configure:5317: result: no
configure:5288: checking for xlf
configure:5317: result: no
configure:5288: checking for frt
configure:5317: result: no
configure:5288: checking for pgf77
configure:5317: result: no
configure:5288: checking for fort77
configure:5317: result: no
configure:5288: checking for fl32
configure:5317: result: no
configure:5288: checking for af77
configure:5317: result: no
configure:5288: checking for f90
configure:5317: result: no
configure:5288: checking for xlf90
configure:5317: result: no
configure:5288: checking for pgf90
configure:5317: result: no
configure:5288: checking for epcf90
configure:5317: result: no
configure:5288: checking for f95
configure:5317: result: no
configure:5288: checking for fort
configure:5317: result: no
configure:5288: checking for xlf95
configure:5317: result: no
configure:5288: checking for ifc
configure:5317: result: no
configure:5288: checking for efc
configure:5317: result: no
configure:5288: checking for pgf95
configure:5317: result: no
configure:5288: checking for lf95
configure:5317: result: no
configure:5288: checking for gfortran
configure:5317: result: no
configure:5329: checking for Fortran 77 compiler version
configure:5332:  --version </dev/null >&5
./configure: line 5333: --version: command not found
configure:5335: $? = 127
configure:5337:  -v </dev/null >&5
./configure: line 5338: -v: command not found
configure:5340: $? = 127
configure:5342:  -V </dev/null >&5
./configure: line 5343: -V: command not found
configure:5345: $? = 127
configure:5353: checking whether we are using the GNU Fortran 77 compiler
configure:5367:  -c  conftest.F >&5
./configure: line 5368: -c: command not found
configure:5373: $? = 127
configure: failed program was:
|       program main
| #ifndef __GNUC__
|        choke me
| #endif
| 
|       end
configure:5399: result: no
configure:5405: checking whether  accepts -g
configure:5417:  -c -g conftest.f >&5
./configure: line 5418: -c: command not found
configure:5423: $? = 127
configure: failed program was:
|       program main
| 
|       end
configure:5448: result: no
configure:5478: checking the maximum length of command line arguments
configure:5593: result: 32768
configure:5604: checking command to parse /usr/bin/nm -B output from gcc object
configure:5709: gcc -c -g -O2  conftest.c >&5
configure:5712: $? = 0
configure:5716: /usr/bin/nm -B conftest.o \| sed -n -e 's/^.*[ 	]\([ABCDGIRSTW][ABCDGIRSTW]*\)[ 	][ 	]*\([_A-Za-z][_A-Za-z0-9]*\)$/\1 \2 \2/p' \> conftest.nm
configure:5719: $? = 0
configure:5771: gcc -o conftest -g -O2   conftest.c conftstm.o >&5
configure:5774: $? = 0
configure:5812: result: ok
configure:5816: checking for objdir
configure:5831: result: .libs
configure:5921: checking for ar
configure:5937: found /usr/bin/ar
configure:5948: result: ar
configure:6001: checking for ranlib
configure:6017: found /usr/bin/ranlib
configure:6028: result: ranlib
configure:6081: checking for strip
configure:6097: found /usr/bin/strip
configure:6108: result: strip
configure:6384: checking if gcc supports -fno-rtti -fno-exceptions
configure:6402: gcc -c -g -O2  -fno-rtti -fno-exceptions conftest.c >&5
cc1: warning: command line option '-fno-rtti' is valid for C++/ObjC++ but not for C [enabled by default]
cc1: warning: command line option '-fno-rtti' is valid for C++/ObjC++ but not for C [enabled by default]
configure:6406: $? = 0
configure:6419: result: no
configure:6434: checking for gcc option to produce PIC
configure:6644: result: -fPIC
configure:6652: checking if gcc PIC flag -fPIC works
configure:6670: gcc -c -g -O2  -fPIC -DPIC conftest.c >&5
configure:6674: $? = 0
configure:6687: result: yes
configure:6715: checking if gcc static flag -static works
configure:6743: result: no
configure:6753: checking if gcc supports -c -o file.o
configure:6774: gcc -c -g -O2  -o out/conftest2.o conftest.c >&5
configure:6778: $? = 0
configure:6800: result: yes
configure:6826: checking whether the gcc linker (/usr/bin/ld) supports shared libraries
configure:7784: result: yes
configure:7805: checking whether -lc should be explicitly linked in
configure:7810: gcc -c -g -O2  conftest.c >&5
configure:7813: $? = 0
configure:7828: gcc -shared conftest.o  -v -Wl,-soname -Wl,conftest -o conftest 2\>\&1 \| grep  -lc  \>/dev/null 2\>\&1
configure:7831: $? = 0
configure:7843: result: no
configure:7851: checking dynamic linker characteristics
configure:8441: result: GNU/Linux ld.so
configure:8450: checking how to hardcode library paths into programs
configure:8475: result: immediate
configure:8489: checking whether stripping libraries is possible
configure:8494: result: yes
configure:9328: checking if libtool supports shared libraries
configure:9330: result: yes
configure:9333: checking whether to build shared libraries
configure:9354: result: yes
configure:9357: checking whether to build static libraries
configure:9361: result: yes
configure:9453: creating libtool
configure:10041: checking for ld used by g++
configure:10108: result: /usr/bin/ld
configure:10117: checking if the linker (/usr/bin/ld) is GNU ld
configure:10132: result: yes
configure:10183: checking whether the g++ linker (/usr/bin/ld) supports shared libraries
configure:11121: result: yes
configure:11143: g++ -c -g -O2  conftest.cpp >&5
configure:11146: $? = 0
configure:11265: checking for g++ option to produce PIC
configure:11539: result: -fPIC
configure:11547: checking if g++ PIC flag -fPIC works
configure:11565: g++ -c -g -O2  -fPIC -DPIC conftest.cpp >&5
configure:11569: $? = 0
configure:11582: result: yes
configure:11610: checking if g++ static flag -static works
configure:11638: result: no
configure:11648: checking if g++ supports -c -o file.o
configure:11669: g++ -c -g -O2  -o out/conftest2.o conftest.cpp >&5
configure:11673: $? = 0
configure:11695: result: yes
configure:11721: checking whether the g++ linker (/usr/bin/ld) supports shared libraries
configure:11746: result: yes
configure:11813: checking dynamic linker characteristics
configure:12403: result: GNU/Linux ld.so
configure:12412: checking how to hardcode library paths into programs
configure:12437: result: immediate
configure:18608: checking for a BSD-compatible install
configure:18663: result: /usr/bin/install -c
configure:18718: checking for sdl-config
configure:18736: found /usr/bin/sdl-config
configure:18749: result: /usr/bin/sdl-config
configure:18757: checking for SDL - version >= 1.0.1
configure:18849: gcc -o conftest -g -O2 -I/usr/include/SDL -D_GNU_SOURCE=1 -D_REENTRANT   conftest.c  -lSDL -lpthread >&5
configure:18852: $? = 0
configure:18854: ./conftest
configure:18857: $? = 0
configure:18876: result: yes
configure:19130: creating ./config.status

## ---------------------- ##
## Running config.status. ##
## ---------------------- ##

This file was extended by config.status, which was
generated by GNU Autoconf 2.59.  Invocation command line was

  CONFIG_FILES    = 
  CONFIG_HEADERS  = 
  CONFIG_LINKS    = 
  CONFIG_COMMANDS = 
  $ ./config.status 

on Baldwin

config.status:718: creating Makefile
config.status:901: executing depfiles commands

## ---------------- ##
## Cache variables. ##
## ---------------- ##

ac_cv_build=i686-pc-linux-gnu
ac_cv_build_alias=i686-pc-linux-gnu
ac_cv_c_compiler_gnu=yes
ac_cv_cxx_compiler_gnu=yes
ac_cv_env_CC_set=
ac_cv_env_CC_value=
ac_cv_env_CFLAGS_set=
ac_cv_env_CFLAGS_value=
ac_cv_env_CPPFLAGS_set=
ac_cv_env_CPPFLAGS_value=
ac_cv_env_CPP_set=
ac_cv_env_CPP_value=
ac_cv_env_CXXCPP_set=
ac_cv_env_CXXCPP_value=
ac_cv_env_CXXFLAGS_set=
ac_cv_env_CXXFLAGS_value=
ac_cv_env_CXX_set=
ac_cv_env_CXX_value=
ac_cv_env_F77_set=
ac_cv_env_F77_value=
ac_cv_env_FFLAGS_set=
ac_cv_env_FFLAGS_value=
ac_cv_env_LDFLAGS_set=
ac_cv_env_LDFLAGS_value=
ac_cv_env_build_alias_set=
ac_cv_env_build_alias_value=
ac_cv_env_host_alias_set=
ac_cv_env_host_alias_value=
ac_cv_env_target_alias_set=
ac_cv_env_target_alias_value=
ac_cv_exeext=
ac_cv_f77_compiler_gnu=no
ac_cv_header_dlfcn_h=yes
ac_cv_header_inttypes_h=yes
ac_cv_header_memory_h=yes
ac_cv_header_stdc=yes
ac_cv_header_stdint_h=yes
ac_cv_header_stdlib_h=yes
ac_cv_header_string_h=yes
ac_cv_header_strings_h=yes
ac_cv_header_sys_stat_h=yes
ac_cv_header_sys_types_h=yes
ac_cv_header_unistd_h=yes
ac_cv_host=i686-pc-linux-gnu
ac_cv_host_alias=i686-pc-linux-gnu
ac_cv_objext=o
ac_cv_path_SDL_CONFIG=/usr/bin/sdl-config
ac_cv_path_install='/usr/bin/install -c'
ac_cv_prog_AWK=gawk
ac_cv_prog_CPP='gcc -E'
ac_cv_prog_CXXCPP='g++ -E'
ac_cv_prog_ac_ct_AR=ar
ac_cv_prog_ac_ct_CC=gcc
ac_cv_prog_ac_ct_CXX=g++
ac_cv_prog_ac_ct_RANLIB=ranlib
ac_cv_prog_ac_ct_STRIP=strip
ac_cv_prog_cc_g=yes
ac_cv_prog_cc_stdc=
ac_cv_prog_cxx_g=yes
ac_cv_prog_egrep='grep -E'
ac_cv_prog_f77_g=no
ac_cv_prog_make_make_set=yes
am_cv_CC_dependencies_compiler_type=gcc3
am_cv_CXX_dependencies_compiler_type=gcc3
lt_cv_deplibs_check_method=pass_all
lt_cv_file_magic_cmd='$MAGIC_CMD'
lt_cv_file_magic_test_file=
lt_cv_ld_reload_flag=-r
lt_cv_objdir=.libs
lt_cv_path_LD=/usr/bin/ld
lt_cv_path_LDCXX=/usr/bin/ld
lt_cv_path_NM='/usr/bin/nm -B'
lt_cv_path_SED=/usr/bin/sed
lt_cv_prog_compiler_c_o=yes
lt_cv_prog_compiler_c_o_CXX=yes
lt_cv_prog_compiler_rtti_exceptions=no
lt_cv_prog_gnu_ld=yes
lt_cv_prog_gnu_ldcxx=yes
lt_cv_sys_global_symbol_pipe='sed -n -e '\''s/^.*[ 	]\([ABCDGIRSTW][ABCDGIRSTW]*\)[ 	][ 	]*\([_A-Za-z][_A-Za-z0-9]*\)$/\1 \2 \2/p'\'''
lt_cv_sys_global_symbol_to_c_name_address='sed -n -e '\''s/^: \([^ ]*\) $/  {\"\1\", (lt_ptr) 0},/p'\'' -e '\''s/^[BCDEGRST] \([^ ]*\) \([^ ]*\)$/  {"\2", (lt_ptr) \&\2},/p'\'''
lt_cv_sys_global_symbol_to_cdecl='sed -n -e '\''s/^. .* \(.*\)$/extern int \1;/p'\'''
lt_cv_sys_max_cmd_len=32768
lt_lt_cv_prog_compiler_c_o='"yes"'
lt_lt_cv_prog_compiler_c_o_CXX='"yes"'
lt_lt_cv_sys_global_symbol_pipe='"sed -n -e '\''s/^.*[ 	]\\([ABCDGIRSTW][ABCDGIRSTW]*\\)[ 	][ 	]*\\([_A-Za-z][_A-Za-z0-9]*\\)\$/\\1 \\2 \\2/p'\''"'
lt_lt_cv_sys_global_symbol_to_c_name_address='"sed -n -e '\''s/^: \\([^ ]*\\) \$/  {\\\"\\1\\\", (lt_ptr) 0},/p'\'' -e '\''s/^[BCDEGRST] \\([^ ]*\\) \\([^ ]*\\)\$/  {\"\\2\", (lt_ptr) \\&\\2},/p'\''"'
lt_lt_cv_sys_global_symbol_to_cdecl='"sed -n -e '\''s/^. .* \\(.*\\)\$/extern int \\1;/p'\''"'

## ----------------- ##
## Output variables. ##
## ----------------- ##

ACLOCAL='aclocal-1.9'
AMDEPBACKSLASH='\'
AMDEP_FALSE='#'
AMDEP_TRUE=''
AMTAR='tar'
AR='ar'
AUTOCONF='autoconf'
AUTOHEADER='autoheader'
AUTOMAKE='automake-1.9'
AWK='gawk'
BINARY_AGE='1'
CC='gcc'
CCDEPMODE='depmode=gcc3'
CFLAGS='-g -O2 -I/usr/include/SDL -D_GNU_SOURCE=1 -D_REENTRANT'
CPP='gcc -E'
CPPFLAGS=''
CXX='g++'
CXXCPP='g++ -E'
CXXDEPMODE='depmode=gcc3'
CXXFLAGS='-g -O2 -I/usr/include/SDL -D_GNU_SOURCE=1 -D_REENTRANT'
CYGPATH_W='echo'
DEFS='-DPACKAGE_NAME=\"\" -DPACKAGE_TARNAME=\"\" -DPACKAGE_VERSION=\"\" -DPACKAGE_STRING=\"\" -DPACKAGE_BUGREPORT=\"\" -DPACKAGE=\"GUIlib\" -DVERSION=\"1.2.1\" -DSTDC_HEADERS=1 -DHAVE_SYS_TYPES_H=1 -DHAVE_SYS_STAT_H=1 -DHAVE_STDLIB_H=1 -DHAVE_STRING_H=1 -DHAVE_MEMORY_H=1 -DHAVE_STRINGS_H=1 -DHAVE_INTTYPES_H=1 -DHAVE_STDINT_H=1 -DHAVE_UNISTD_H=1 -DHAVE_DLFCN_H=1 '
DEPDIR='.deps'
ECHO='echo'
ECHO_C=''
ECHO_N='-n'
ECHO_T=''
EGREP='grep -E'
EXEEXT=''
F77=''
FFLAGS=''
INSTALL_DATA='${INSTALL} -m 644'
INSTALL_PROGRAM='${INSTALL}'
INSTALL_SCRIPT='${INSTALL}'
INSTALL_STRIP_PROGRAM='${SHELL} $(install_sh) -c -s'
INTERFACE_AGE='1'
LDFLAGS=''
LIBOBJS=''
LIBS=' -lSDL -lpthread'
LIBTOOL='$(SHELL) $(top_builddir)/libtool'
LN_S='ln -s'
LTLIBOBJS=''
LT_AGE='0'
LT_CURRENT='0'
LT_RELEASE='1.2'
LT_REVISION='1'
MAJOR_VERSION='1'
MAKEINFO='makeinfo'
MICRO_VERSION='1'
MINOR_VERSION='2'
OBJEXT='o'
PACKAGE='GUIlib'
PACKAGE_BUGREPORT=''
PACKAGE_NAME=''
PACKAGE_STRING=''
PACKAGE_TARNAME=''
PACKAGE_VERSION=''
PATH_SEPARATOR=':'
RANLIB='ranlib'
SDL_CFLAGS='-I/usr/include/SDL -D_GNU_SOURCE=1 -D_REENTRANT'
SDL_CONFIG='/usr/bin/sdl-config'
SDL_LIBS='-lSDL -lpthread'
SET_MAKE=''
SHELL='/bin/sh'
STRIP='strip'
VERSION='1.2.1'
ac_ct_AR='ar'
ac_ct_CC='gcc'
ac_ct_CXX='g++'
ac_ct_F77=''
ac_ct_RANLIB='ranlib'
ac_ct_STRIP='strip'
am__fastdepCC_FALSE='#'
am__fastdepCC_TRUE=''
am__fastdepCXX_FALSE='#'
am__fastdepCXX_TRUE=''
am__include='include'
am__leading_dot='.'
am__quote=''
am__tar='${AMTAR} chof - "$$tardir"'
am__untar='${AMTAR} xf -'
bindir='${exec_prefix}/bin'
build='i686-pc-linux-gnu'
build_alias=''
build_cpu='i686'
build_os='linux-gnu'
build_vendor='pc'
datadir='${prefix}/share'
exec_prefix='${prefix}'
host='i686-pc-linux-gnu'
host_alias=''
host_cpu='i686'
host_os='linux-gnu'
host_vendor='pc'
includedir='${prefix}/include'
infodir='${prefix}/info'
install_sh='/home/shakti/Desktop/class/SE/p/Kurota/extra/GUIlib-1.2.1/install-sh'
libdir='${exec_prefix}/lib'
libexecdir='${exec_prefix}/libexec'
localstatedir='${prefix}/var'
mandir='${prefix}/man'
mkdir_p='mkdir -p --'
oldincludedir='/usr/include'
prefix='/usr/local'
program_transform_name='s,x,x,'
sbindir='${exec_prefix}/sbin'
sharedstatedir='${prefix}/com'
sysconfdir='${prefix}/etc'
target_alias=''

## ----------- ##
## confdefs.h. ##
## ----------- ##

#define HAVE_DLFCN_H 1
#define HAVE_INTTYPES_H 1
#define HAVE_MEMORY_H 1
#define HAVE_STDINT_H 1
#define HAVE_STDLIB_H 1
#define HAVE_STRINGS_H 1
#define HAVE_STRING_H 1
#define HAVE_SYS_STAT_H 1
#define HAVE_SYS_TYPES_H 1
#define HAVE_UNISTD_H 1
#define PACKAGE "GUIlib"
#define PACKAGE_BUGREPORT ""
#define PACKAGE_NAME ""
#define PACKAGE_STRING ""
#define PACKAGE_TARNAME ""
#define PACKAGE_VERSION ""
#define STDC_HEADERS 1
#define VERSION "1.2.1"
#endif
#ifdef __cplusplus
extern "C" void exit (int) throw ();

configure: exit 0
